<?xml version="1.0" encoding="UTF-8"?>
<!-- Generated by org.testng.reporters.JUnitReportReporter -->
<testsuite hostname="KRISHNA-PC" name="com.qa.Tests.LoginPageTest_001" tests="1" failures="0" timestamp="17 Nov 2019 14:20:39 GMT" time="0.076" errors="0">
  <testcase name="LoginpageTest" time="0.076" classname="com.qa.Tests.LoginPageTest_001"/>
</testsuite> <!-- com.qa.Tests.LoginPageTest_001 -->
